ANDROID_PROJET/build/outputs/apk/manifest-merger-debug-report.txt
-- Merging decision tree log ---
manifest
ADDED from AndroidManifest.xml:2:1
	package
		ADDED from AndroidManifest.xml:3:5
	android:versionName
		ADDED from AndroidManifest.xml:5:5
	android:versionCode
		ADDED from AndroidManifest.xml:4:5
		INJECTED from AndroidManifest.xml:0:0
		INJECTED from AndroidManifest.xml:0:0
	xmlns:android
		ADDED from AndroidManifest.xml:2:11
uses-sdk
ADDED from AndroidManifest.xml:7:5
	android:targetSdkVersion
		ADDED from AndroidManifest.xml:9:9
	android:minSdkVersion
		ADDED from AndroidManifest.xml:8:9
application
ADDED from AndroidManifest.xml:11:5
	android:label
		ADDED from AndroidManifest.xml:14:9
	android:allowBackup
		ADDED from AndroidManifest.xml:12:9
	android:icon
		ADDED from AndroidManifest.xml:13:9
	android:theme
		ADDED from AndroidManifest.xml:15:9
activity#fr.free.simon.jacquemin.staupe.SplashScreen
ADDED from AndroidManifest.xml:16:9
	android:screenOrientation
		ADDED from AndroidManifest.xml:20:13
	android:label
		ADDED from AndroidManifest.xml:18:13
	android:theme
		ADDED from AndroidManifest.xml:19:13
	android:name
		ADDED from AndroidManifest.xml:17:13
intent-filter#android.intent.action.MAIN+android.intent.category.LAUNCHER
ADDED from AndroidManifest.xml:21:13
action#android.intent.action.MAIN
ADDED from AndroidManifest.xml:22:17
	android:name
		ADDED from AndroidManifest.xml:22:25
category#android.intent.category.LAUNCHER
ADDED from AndroidManifest.xml:23:17
	android:name
		ADDED from AndroidManifest.xml:23:27
activity#fr.free.simon.jacquemin.staupe.LoadingScreen
ADDED from AndroidManifest.xml:26:10
	android:screenOrientation
		ADDED from AndroidManifest.xml:30:13
	android:label
		ADDED from AndroidManifest.xml:28:13
	android:theme
		ADDED from AndroidManifest.xml:29:13
	android:name
		ADDED from AndroidManifest.xml:27:13
activity#fr.free.simon.jacquemin.staupe.Home
ADDED from AndroidManifest.xml:32:9
	android:label
		ADDED from AndroidManifest.xml:34:10
	android:name
		ADDED from AndroidManifest.xml:33:10
activity#fr.free.simon.jacquemin.staupe.SGMGameManager
ADDED from AndroidManifest.xml:36:6
	android:label
		ADDED from AndroidManifest.xml:38:10
	android:name
		ADDED from AndroidManifest.xml:37:10
intent-filter#android.intent.category.LAUNCHER
ADDED from AndroidManifest.xml:39:10
activity#fr.free.simon.jacquemin.staupe.InGame
ADDED from AndroidManifest.xml:43:6
	android:label
		ADDED from AndroidManifest.xml:45:10
	android:theme
		ADDED from AndroidManifest.xml:46:10
	android:name
		ADDED from AndroidManifest.xml:44:10
activity#fr.free.simon.jacquemin.staupe.SelectLevel
ADDED from AndroidManifest.xml:48:6
	android:label
		ADDED from AndroidManifest.xml:50:10
	android:theme
		ADDED from AndroidManifest.xml:51:10
	android:name
		ADDED from AndroidManifest.xml:49:10
activity#fr.free.simon.jacquemin.staupe.Stats
ADDED from AndroidManifest.xml:53:6
	android:label
		ADDED from AndroidManifest.xml:55:10
	android:theme
		ADDED from AndroidManifest.xml:56:10
	android:name
		ADDED from AndroidManifest.xml:54:10
activity#fr.free.simon.jacquemin.staupe.Story
ADDED from AndroidManifest.xml:58:11
	android:label
		ADDED from AndroidManifest.xml:60:10
	android:theme
		ADDED from AndroidManifest.xml:61:10
	android:name
		ADDED from AndroidManifest.xml:59:10
activity#fr.free.simon.jacquemin.staupe.Tutorial
ADDED from AndroidManifest.xml:67:6
	android:label
		ADDED from AndroidManifest.xml:69:10
	android:theme
		ADDED from AndroidManifest.xml:70:10
	android:name
		ADDED from AndroidManifest.xml:68:10
activity#fr.free.simon.jacquemin.staupe.Options
ADDED from AndroidManifest.xml:72:6
	android:label
		ADDED from AndroidManifest.xml:74:10
	android:theme
		ADDED from AndroidManifest.xml:75:10
	android:name
		ADDED from AndroidManifest.xml:73:10